# JRE version: OpenJDK Runtime Environment (8.0_242-b01) (build 1.8.0_242-release-1644-b01)
# Java VM: OpenJDK 64-Bit Server VM (25.242-b01 mixed mode windows-amd64 compressed oops)
Heap:
 PSYoungGen      total 102400K, used 52888K [0x000000076b000000, 0x0000000775000000, 0x00000007c0000000)
  eden space 91648K, 45% used [0x000000076b000000,0x000000076d929df0,0x0000000770980000)
  from space 10752K, 99% used [0x0000000770980000,0x00000007713fc218,0x0000000771400000)
  to   space 20480K, 0% used [0x0000000773c00000,0x0000000773c00000,0x0000000775000000)
 ParOldGen       total 202240K, used 37321K [0x00000006c1000000, 0x00000006cd580000, 0x000000076b000000)
  object space 202240K, 18% used [0x00000006c1000000,0x00000006c3472720,0x00000006cd580000)
 Metaspace       used 49168K, capacity 50033K, committed 50432K, reserved 1093632K
  class space    used 6124K, capacity 6368K, committed 6400K, reserved 1048576K
GC Heap History (10 events):
Event: 1.199 GC heap before
{Heap before GC invocations=3 (full 1):
 PSYoungGen      total 76288K, used 10745K [0x000000076b000000, 0x0000000774500000, 0x00000007c0000000)
  eden space 65536K, 0% used [0x000000076b000000,0x000000076b000000,0x000000076f000000)
  from space 10752K, 99% used [0x000000076fa80000,0x00000007704fe6f8,0x0000000770500000)
  to   space 10752K, 0% used [0x000000076f000000,0x000000076f000000,0x000000076fa80000)
 ParOldGen       total 175104K, used 9120K [0x00000006c1000000, 0x00000006cbb00000, 0x000000076b000000)
  object space 175104K, 5% used [0x00000006c1000000,0x00000006c18e83a0,0x00000006cbb00000)
 Metaspace       used 20702K, capacity 21180K, committed 21248K, reserved 1069056K
  class space    used 2353K, capacity 2530K, committed 2560K, reserved 1048576K
Event: 1.228 GC heap after
Heap after GC invocations=3 (full 1):
 PSYoungGen      total 76288K, used 0K [0x000000076b000000, 0x0000000774500000, 0x00000007c0000000)
  eden space 65536K, 0% used [0x000000076b000000,0x000000076b000000,0x000000076f000000)
  from space 10752K, 0% used [0x000000076fa80000,0x000000076fa80000,0x0000000770500000)
  to   space 10752K, 0% used [0x000000076f000000,0x000000076f000000,0x000000076fa80000)
 ParOldGen       total 124416K, used 16085K [0x00000006c1000000, 0x00000006c8980000, 0x000000076b000000)
  object space 124416K, 12% used [0x00000006c1000000,0x00000006c1fb57b8,0x00000006c8980000)
 Metaspace       used 20702K, capacity 21180K, committed 21248K, reserved 1069056K
  class space    used 2353K, capacity 2530K, committed 2560K, reserved 1048576K
}
Event: 2.005 GC heap before
{Heap before GC invocations=4 (full 1):
 PSYoungGen      total 76288K, used 65536K [0x000000076b000000, 0x0000000774500000, 0x00000007c0000000)
  eden space 65536K, 100% used [0x000000076b000000,0x000000076f000000,0x000000076f000000)
  from space 10752K, 0% used [0x000000076fa80000,0x000000076fa80000,0x0000000770500000)
  to   space 10752K, 0% used [0x000000076f000000,0x000000076f000000,0x000000076fa80000)
 ParOldGen       total 124416K, used 16085K [0x00000006c1000000, 0x00000006c8980000, 0x000000076b000000)
  object space 124416K, 12% used [0x00000006c1000000,0x00000006c1fb57b8,0x00000006c8980000)
 Metaspace       used 29620K, capacity 30187K, committed 30464K, reserved 1075200K
  class space    used 3682K, capacity 3835K, committed 3840K, reserved 1048576K
Event: 2.012 GC heap after
Heap after GC invocations=4 (full 1):
 PSYoungGen      total 76288K, used 10745K [0x000000076b000000, 0x0000000771e80000, 0x00000007c0000000)
  eden space 65536K, 0% used [0x000000076b000000,0x000000076b000000,0x000000076f000000)
  from space 10752K, 99% used [0x000000076f000000,0x000000076fa7e460,0x000000076fa80000)
  to   space 10752K, 0% used [0x0000000771400000,0x0000000771400000,0x0000000771e80000)
 ParOldGen       total 124416K, used 19625K [0x00000006c1000000, 0x00000006c8980000, 0x000000076b000000)
  object space 124416K, 15% used [0x00000006c1000000,0x00000006c232a5a8,0x00000006c8980000)
 Metaspace       used 29620K, capacity 30187K, committed 30464K, reserved 1075200K
  class space    used 3682K, capacity 3835K, committed 3840K, reserved 1048576K
}
Event: 2.326 GC heap before
{Heap before GC invocations=5 (full 1):
 PSYoungGen      total 76288K, used 44278K [0x000000076b000000, 0x0000000771e80000, 0x00000007c0000000)
  eden space 65536K, 51% used [0x000000076b000000,0x000000076d0bf3e0,0x000000076f000000)
  from space 10752K, 99% used [0x000000076f000000,0x000000076fa7e460,0x000000076fa80000)
  to   space 10752K, 0% used [0x0000000771400000,0x0000000771400000,0x0000000771e80000)
 ParOldGen       total 124416K, used 19625K [0x00000006c1000000, 0x00000006c8980000, 0x000000076b000000)
  object space 124416K, 15% used [0x00000006c1000000,0x00000006c232a5a8,0x00000006c8980000)
 Metaspace       used 34576K, capacity 35109K, committed 35416K, reserved 1081344K
  class space    used 4302K, capacity 4512K, committed 4608K, reserved 1048576K
Event: 2.333 GC heap after
Heap after GC invocations=5 (full 1):
 PSYoungGen      total 102400K, used 10723K [0x000000076b000000, 0x0000000772080000, 0x00000007c0000000)
  eden space 91648K, 0% used [0x000000076b000000,0x000000076b000000,0x0000000770980000)
  from space 10752K, 99% used [0x0000000771400000,0x0000000771e78f30,0x0000000771e80000)
  to   space 10752K, 0% used [0x0000000770980000,0x0000000770980000,0x0000000771400000)
 ParOldGen       total 124416K, used 24643K [0x00000006c1000000, 0x00000006c8980000, 0x000000076b000000)
  object space 124416K, 19% used [0x00000006c1000000,0x00000006c2810f88,0x00000006c8980000)
 Metaspace       used 34576K, capacity 35109K, committed 35416K, reserved 1081344K
  class space    used 4302K, capacity 4512K, committed 4608K, reserved 1048576K
}
Event: 2.333 GC heap before
{Heap before GC invocations=6 (full 2):
 PSYoungGen      total 102400K, used 10723K [0x000000076b000000, 0x0000000772080000, 0x00000007c0000000)
  eden space 91648K, 0% used [0x000000076b000000,0x000000076b000000,0x0000000770980000)
  from space 10752K, 99% used [0x0000000771400000,0x0000000771e78f30,0x0000000771e80000)
  to   space 10752K, 0% used [0x0000000770980000,0x0000000770980000,0x0000000771400000)
 ParOldGen       total 124416K, used 24643K [0x00000006c1000000, 0x00000006c8980000, 0x000000076b000000)
  object space 124416K, 19% used [0x00000006c1000000,0x00000006c2810f88,0x00000006c8980000)
 Metaspace       used 34576K, capacity 35109K, committed 35416K, reserved 1081344K
  class space    used 4302K, capacity 4512K, committed 4608K, reserved 1048576K
Event: 2.380 GC heap after
Heap after GC invocations=6 (full 2):
 PSYoungGen      total 102400K, used 0K [0x000000076b000000, 0x0000000772080000, 0x00000007c0000000)
  eden space 91648K, 0% used [0x000000076b000000,0x000000076b000000,0x0000000770980000)
  from space 10752K, 0% used [0x0000000771400000,0x0000000771400000,0x0000000771e80000)
  to   space 10752K, 0% used [0x0000000770980000,0x0000000770980000,0x0000000771400000)
 ParOldGen       total 202240K, used 27768K [0x00000006c1000000, 0x00000006cd580000, 0x000000076b000000)
  object space 202240K, 13% used [0x00000006c1000000,0x00000006c2b1e3f0,0x00000006cd580000)
 Metaspace       used 34576K, capacity 35109K, committed 35416K, reserved 1081344K
  class space    used 4302K, capacity 4512K, committed 4608K, reserved 1048576K
}
Event: 3.296 GC heap before
{Heap before GC invocations=7 (full 2):
 PSYoungGen      total 102400K, used 91648K [0x000000076b000000, 0x0000000772080000, 0x00000007c0000000)
  eden space 91648K, 100% used [0x000000076b000000,0x0000000770980000,0x0000000770980000)
  from space 10752K, 0% used [0x0000000771400000,0x0000000771400000,0x0000000771e80000)
  to   space 10752K, 0% used [0x0000000770980000,0x0000000770980000,0x0000000771400000)
 ParOldGen       total 202240K, used 27768K [0x00000006c1000000, 0x00000006cd580000, 0x000000076b000000)
  object space 202240K, 13% used [0x00000006c1000000,0x00000006c2b1e3f0,0x00000006cd580000)
 Metaspace       used 43923K, capacity 44707K, committed 45184K, reserved 1089536K
  class space    used 5458K, capacity 5681K, committed 5760K, reserved 1048576K
Event: 3.308 GC heap after
Heap after GC invocations=7 (full 2):
 PSYoungGen      total 102400K, used 10736K [0x000000076b000000, 0x0000000775000000, 0x00000007c0000000)
  eden space 91648K, 0% used [0x000000076b000000,0x000000076b000000,0x0000000770980000)
  from space 10752K, 99% used [0x0000000770980000,0x00000007713fc218,0x0000000771400000)
  to   space 20480K, 0% used [0x0000000773c00000,0x0000000773c00000,0x0000000775000000)
 ParOldGen       total 202240K, used 37321K [0x00000006c1000000, 0x00000006cd580000, 0x000000076b000000)
  object space 202240K, 18% used [0x00000006c1000000,0x00000006c3472720,0x00000006cd580000)
 Metaspace       used 43923K, capacity 44707K, committed 45184K, reserved 1089536K
  class space    used 5458K, capacity 5681K, committed 5760K, reserved 1048576K
}

